
[Sending]	UPDATE|2|8888
[Response]
Updated 1 row with rid = 2

[Sending]	SCAN|8888|o_orderkey|=
[Response]
o_orderkey, o_orderstatus, o_totalprice, o_comment, 
No result found !
Query time: 0.044142 seconds 


[Sending]	UPDATE|2|8888
[Response]
Updated 1 row with rid = 2

[Sending]	SCAN|8888|o_orderkey|=
[Response]
o_orderkey, o_orderstatus, o_totalprice, o_comment, 
No result found !
Query time: 0.04857 seconds 


[Sending]	SCAN|1383879|o_orderkey|=
[Response]
o_orderkey, o_orderstatus, o_totalprice, o_comment, 
1383879,   "O",   181229,   "al accounts haggle bli",   
Showing 1/1 results !
Query time: 0.058444 seconds 


[Sending]	UPDATE|1|1383879|D|56789|Le Van Duc
[Response]
Updated 1 row with rid = 1

[Sending]	SCAN|1383879|o_orderkey|=
[Response]
o_orderkey, o_orderstatus, o_totalprice, o_comment, 
1383879,   "D",   56789,   "Le Van Duc",   
Showing 1/1 results !
Query time: 0.049808 seconds 


[Sending]	UPDATE|2|8888
[Response]
Updated 1 row with rid = 2

[Sending]	SCAN|8888|o_orderkey|=
[Response]
o_orderkey, o_orderstatus, o_totalprice, o_comment, 
8888,      "O",   276518,   "riously. close\, even requests across the blithely r",   
Showing 1/1 results !
Query time: 0.050477 seconds 


[Sending]	UPDATE|2|8888
[Response]
Updated 1 row with rid = 2

[Sending]	SCAN|8888|o_orderkey|=
[Response]
o_orderkey, o_orderstatus, o_totalprice, o_comment, 
8888,      "O",   276518,   "riously. close\, even requests across the blithely r",   
Showing 1/1 results !
Query time: 0.043486 seconds 


[Sending]	UPDATE|2|8888
[Response]
Updated 1 row with rid = 2

[Sending]	SCAN|8888|o_orderkey|=
[Response]
o_orderkey, o_orderstatus, o_totalprice, o_comment, 
No result found !
Query time: 0.044413 seconds 


[Sending]	UPDATE|2|8888
[Response]
Updated 1 row with rid = 2

[Sending]	SCAN|8888|o_orderkey|=
[Response]
o_orderkey, o_orderstatus, o_totalprice, o_comment, 
8888,      "O",   276518,   "riously. close\, even requests across the blithely r",   
Showing 1/1 results !
Query time: 0.052712 seconds 

