
[Received]	UPDATE|4|3333
Result:
Updated 1 row with rid = 4

[Received]	UPDATE|5|3334
Result:
Updated 1 row with rid = 5

[Received]	UPDATE|42|3335
Result:
Updated 1 row with rid = 42

[Received]	UPDATE|76|3336
Result:
Updated 1 row with rid = 76

[Received]	SCAN|56789|o_totalprice|>
Result:
o_orderkey, o_orderstatus, o_totalprice, o_comment, 
1383879,   "O",   181229,   "al accounts haggle bli",   
1384544,   "O",   276518,   "riously. close\, even requests across the blithely r",   
1391554,   "O",   103741,   "ously even platelets. furiou",   
3333,      "O",   196458,   "ing foxes after the even\, ironic foxes sleep s",   
3334,      "O",   155349,   "never furiously even ideas. ex",   
1410916,   "O",   80917,   "e among the carefully bold orbits. courts among the ",   
1415524,   "O",   183795,   "y ironic grouches. slyly express pinto beans are carefully",   
4009671,   "F",   368188,   "counts. boldly ironic packages slee",   
2411843,   "F",   268097,   "terns about the fluffily express ideas sleep carefully unusual deposits. spe",   
1424359,   "O",   66797,   "arefully pending accounts cajole slyly around the instructions. slyly even a",   
Showing 10/1249095 results !
Query time: 0.073264 seconds 


[Received]	SCAN|5678|o_totalprice|>|56789|o_totalprice|<
Result:
o_orderkey, o_orderstatus, o_totalprice, o_comment, 
2410080,   "F",   28792,   " bold escapades according to the blithely even accounts are carefull",   
5219,      "O",   34965,   "aggle always. foxes above the ironic deposits ",   
3405412,   "F",   30779,   "to beans. pinto beans could cajole furiously. flu",   
2835463,   "F",   19129,   "ar theodolites. deposits haggle furiously regular accounts. final courts after",   
3797830,   "O",   17161,   "ffix quickly pending foxes. foxes nag: final\, express requests nag. slyly",   
3335,      "O",   33822,   ". regular theodolites sleep after the care",   
1472960,   "O",   17528,   " furiously after the packages. quickly even id",   
3800352,   "O",   39159,   "uickly above the quickly ironic instructions; even requests about t",   
3336,      "O",   37704,   "ts use slyly across the idly regular f",   
43300,     "O",   52391,   "s. express requests are. ironic requests are carefully after th",   
Showing 10/235398 results !
Query time: 0.072929 seconds 


[Received]	SCAN|9999|o_orderkey|=
Result:
o_orderkey, o_orderstatus, o_totalprice, o_comment, 
No result found !
Query time: 0.047456 seconds 


[Received]	INSERT|9999|D|56789|Le Van Duc
Result:
INSERTED 1 row ! Number of rows is: 1500001

[Received]	SCAN|9999|o_orderkey|=
Result:
o_orderkey, o_orderstatus, o_totalprice, o_comment, 
9999,      "D",   56789,   "Le Van Duc",   
Showing 1/1 results !
Query time: 0.047371 seconds 


[Received]	SCAN|1383879|o_orderkey|=
Result:
o_orderkey, o_orderstatus, o_totalprice, o_comment, 
1383879,   "O",   181229,   "al accounts haggle bli",   
Showing 1/1 results !
Query time: 0.07994 seconds 


[Received]	UPDATE|1|1383879|D|56789|Le Van Duc
Result:
Updated 1 row with rid = 1

[Received]	SCAN|1383879|o_orderkey|=
Result:
o_orderkey, o_orderstatus, o_totalprice, o_comment, 
1383879,   "D",   56789,   "Le Van Duc",   
Showing 1/1 results !
Query time: 0.07327 seconds 


[Received]	SCAN|1383879|o_orderkey|=
Result:
o_orderkey, o_orderstatus, o_totalprice, o_comment, 
1383879,   "D",   56789,   "Le Van Duc",   
Showing 1/1 results !
Query time: 0.054057 seconds 


[Received]	UPDATE|1|1383879|D|56789|Le Van Duc
Result:
Updated 1 row with rid = 1

[Received]	SCAN|1383879|o_orderkey|=
Result:
o_orderkey, o_orderstatus, o_totalprice, o_comment, 
1383879,   "D",   56789,   "Le Van Duc",   
Showing 1/1 results !
Query time: 0.053223 seconds 


[Received]	SCAN|1383879|o_orderkey|=
Result:
o_orderkey, o_orderstatus, o_totalprice, o_comment, 
1383879,   "D",   56789,   "Le Van Duc",   
Showing 1/1 results !
Query time: 0.054907 seconds 


[Received]	UPDATE|1|1383879|D|56789|Le Van Duc
Result:
Updated 1 row with rid = 1

[Received]	SCAN|1383879|o_orderkey|=
Result:
o_orderkey, o_orderstatus, o_totalprice, o_comment, 
1383879,   "D",   56789,   "Le Van Duc",   
Showing 1/1 results !
Query time: 0.053631 seconds 


[Received]	SCAN|1383879|o_orderkey|=
Result:
o_orderkey, o_orderstatus, o_totalprice, o_comment, 
1383879,   "D",   56789,   "Le Van Duc",   
Showing 1/1 results !
Query time: 0.054097 seconds 


[Received]	UPDATE|1|1383879|D|56789|Le Van Duc
Result:
Updated 1 row with rid = 1

[Received]	SCAN|1383879|o_orderkey|=
Result:
o_orderkey, o_orderstatus, o_totalprice, o_comment, 
1383879,   "D",   56789,   "Le Van Duc",   
Showing 1/1 results !
Query time: 0.056714 seconds 


[Received]	SCAN|1383879|o_orderkey|=
Result:
o_orderkey, o_orderstatus, o_totalprice, o_comment, 
1383879,   "D",   56789,   "Le Van Duc",   
Showing 1/1 results !
Query time: 0.054451 seconds 


[Received]	UPDATE|1|1383879|D|56789|Le Van Duc
Result:
Updated 1 row with rid = 1

[Received]	SCAN|1383879|o_orderkey|=
Result:
o_orderkey, o_orderstatus, o_totalprice, o_comment, 
1383879,   "D",   56789,   "Le Van Duc",   
Showing 1/1 results !
Query time: 0.053222 seconds 


[Received]	SCAN|1383879|o_orderkey|=
Result:
o_orderkey, o_orderstatus, o_totalprice, o_comment, 
1383879,   "D",   56789,   "Le Van Duc",   
Showing 1/1 results !
Query time: 0.055934 seconds 


[Received]	UPDATE|1|1383879|D|56789|Le Van Duc
Result:
Updated 1 row with rid = 1

[Received]	SCAN|1383879|o_orderkey|=
Result:
o_orderkey, o_orderstatus, o_totalprice, o_comment, 
1383879,   "D",   56789,   "Le Van Duc",   
Showing 1/1 results !
Query time: 0.053699 seconds 


[Received]	SCAN|1383879|o_orderkey|=
Result:
o_orderkey, o_orderstatus, o_totalprice, o_comment, 
1383879,   "D",   56789,   "Le Van Duc",   
Showing 1/1 results !
Query time: 0.053734 seconds 


[Received]	UPDATE|1|1383879|D|56789|Le Van Duc
Result:
Updated 1 row with rid = 1

[Received]	SCAN|1383879|o_orderkey|=
Result:
o_orderkey, o_orderstatus, o_totalprice, o_comment, 
1383879,   "D",   56789,   "Le Van Duc",   
Showing 1/1 results !
Query time: 0.063236 seconds 


[Received]	SCAN|1383879|o_orderkey|=
Result:
o_orderkey, o_orderstatus, o_totalprice, o_comment, 
1383879,   "D",   56789,   "Le Van Duc",   
Showing 1/1 results !
Query time: 0.073523 seconds 


[Received]	UPDATE|1|1383879|D|56789|Le Van Duc
Result:
Updated 1 row with rid = 1

[Received]	SCAN|1383879|o_orderkey|=
Result:
o_orderkey, o_orderstatus, o_totalprice, o_comment, 
1383879,   "D",   56789,   "Le Van Duc",   
Showing 1/1 results !
Query time: 0.072901 seconds 


[Received]	SCAN|1383879|o_orderkey|=
Result:
o_orderkey, o_orderstatus, o_totalprice, o_comment, 
1383879,   "D",   56789,   "Le Van Duc",   
Showing 1/1 results !
Query time: 0.054497 seconds 


[Received]	UPDATE|1|1383879|D|56789|Le Van Duc
Result:
Updated 1 row with rid = 1

[Received]	SCAN|1383879|o_orderkey|=
Result:
o_orderkey, o_orderstatus, o_totalprice, o_comment, 
1383879,   "D",   56789,   "Le Van Duc",   
Showing 1/1 results !
Query time: 0.053912 seconds 


[Received]	SCAN|1383879|o_orderkey|=
Result:
o_orderkey, o_orderstatus, o_totalprice, o_comment, 
1383879,   "D",   56789,   "Le Van Duc",   
Showing 1/1 results !
Query time: 0.053962 seconds 


[Received]	UPDATE|1|1383879|D|56789|Le Van Duc
Result:
Updated 1 row with rid = 1

[Received]	SCAN|1383879|o_orderkey|=
Result:
o_orderkey, o_orderstatus, o_totalprice, o_comment, 
1383879,   "D",   56789,   "Le Van Duc",   
Showing 1/1 results !
Query time: 0.05323 seconds 


[Received]	SCAN|1383879|o_orderkey|=
Result:
o_orderkey, o_orderstatus, o_totalprice, o_comment, 
1383879,   "D",   56789,   "Le Van Duc",   
Showing 1/1 results !
Query time: 0.053514 seconds 


[Received]	UPDATE|1|1383879|D|56789|Le Van Duc
Result:
Updated 1 row with rid = 1

[Received]	SCAN|1383879|o_orderkey|=
Result:
o_orderkey, o_orderstatus, o_totalprice, o_comment, 
1383879,   "D",   56789,   "Le Van Duc",   
Showing 1/1 results !
Query time: 0.056789 seconds 


[Received]	SCAN|1383879|o_orderkey|=
Result:
o_orderkey, o_orderstatus, o_totalprice, o_comment, 
1383879,   "D",   56789,   "Le Van Duc",   
Showing 1/1 results !
Query time: 0.055879 seconds 


[Received]	UPDATE|1|1383879|D|56789|Le Van Duc
Result:
Updated 1 row with rid = 1

[Received]	SCAN|1383879|o_orderkey|=
Result:
o_orderkey, o_orderstatus, o_totalprice, o_comment, 
1383879,   "D",   56789,   "Le Van Duc",   
Showing 1/1 results !
Query time: 0.059354 seconds 


[Received]	SCAN|1383879|o_orderkey|=
Result:
o_orderkey, o_orderstatus, o_totalprice, o_comment, 
1383879,   "D",   56789,   "Le Van Duc",   
Showing 1/1 results !
Query time: 0.053947 seconds 


[Received]	UPDATE|1|1383879|D|56789|Le Van Duc
Result:
Updated 1 row with rid = 1

[Received]	SCAN|1383879|o_orderkey|=
Result:
o_orderkey, o_orderstatus, o_totalprice, o_comment, 
1383879,   "D",   56789,   "Le Van Duc",   
Showing 1/1 results !
Query time: 0.052959 seconds 

